# JRE version: OpenJDK Runtime Environment (8.0_152-b01) (build 1.8.0_152-release-915-b01)
# Java VM: OpenJDK 64-Bit Server VM (25.152-b01 mixed mode windows-amd64 compressed oops)
Heap:
 PSYoungGen      total 174080K, used 40339K [0x00000000e0000000, 0x00000000ec100000, 0x0000000100000000)
  eden space 159744K, 16% used [0x00000000e0000000,0x00000000e1965778,0x00000000e9c00000)
  from space 14336K, 99% used [0x00000000eae00000,0x00000000ebbff4e0,0x00000000ebc00000)
  to   space 18432K, 0% used [0x00000000e9c00000,0x00000000e9c00000,0x00000000eae00000)
 ParOldGen       total 60416K, used 26222K [0x00000000a0000000, 0x00000000a3b00000, 0x00000000e0000000)
  object space 60416K, 43% used [0x00000000a0000000,0x00000000a199b8e0,0x00000000a3b00000)
 Metaspace       used 54322K, capacity 56045K, committed 56280K, reserved 1097728K
  class space    used 7404K, capacity 7834K, committed 7936K, reserved 1048576K
GC Heap History (10 events):
Event: 3.278 GC heap before
{Heap before GC invocations=8 (full 1):
 PSYoungGen      total 112128K, used 111630K [0x00000000e0000000, 0x00000000e9400000, 0x0000000100000000)
  eden space 103936K, 100% used [0x00000000e0000000,0x00000000e6580000,0x00000000e6580000)
  from space 8192K, 93% used [0x00000000e8c00000,0x00000000e9383998,0x00000000e9400000)
  to   space 10240K, 0% used [0x00000000e8000000,0x00000000e8000000,0x00000000e8a00000)
 ParOldGen       total 60416K, used 7860K [0x00000000a0000000, 0x00000000a3b00000, 0x00000000e0000000)
  object space 60416K, 13% used [0x00000000a0000000,0x00000000a07ad210,0x00000000a3b00000)
 Metaspace       used 31932K, capacity 32452K, committed 32768K, reserved 1077248K
  class space    used 4372K, capacity 4559K, committed 4608K, reserved 1048576K
Event: 3.288 GC heap after
Heap after GC invocations=8 (full 1):
 PSYoungGen      total 141312K, used 10239K [0x00000000e0000000, 0x00000000eb180000, 0x0000000100000000)
  eden space 131072K, 0% used [0x00000000e0000000,0x00000000e0000000,0x00000000e8000000)
  from space 10240K, 99% used [0x00000000e8000000,0x00000000e89fff50,0x00000000e8a00000)
  to   space 11776K, 0% used [0x00000000ea600000,0x00000000ea600000,0x00000000eb180000)
 ParOldGen       total 60416K, used 8317K [0x00000000a0000000, 0x00000000a3b00000, 0x00000000e0000000)
  object space 60416K, 13% used [0x00000000a0000000,0x00000000a081f688,0x00000000a3b00000)
 Metaspace       used 31932K, capacity 32452K, committed 32768K, reserved 1077248K
  class space    used 4372K, capacity 4559K, committed 4608K, reserved 1048576K
}
Event: 3.469 GC heap before
{Heap before GC invocations=9 (full 1):
 PSYoungGen      total 141312K, used 24072K [0x00000000e0000000, 0x00000000eb180000, 0x0000000100000000)
  eden space 131072K, 10% used [0x00000000e0000000,0x00000000e0d82448,0x00000000e8000000)
  from space 10240K, 99% used [0x00000000e8000000,0x00000000e89fff50,0x00000000e8a00000)
  to   space 11776K, 0% used [0x00000000ea600000,0x00000000ea600000,0x00000000eb180000)
 ParOldGen       total 60416K, used 8317K [0x00000000a0000000, 0x00000000a3b00000, 0x00000000e0000000)
  object space 60416K, 13% used [0x00000000a0000000,0x00000000a081f688,0x00000000a3b00000)
 Metaspace       used 34676K, capacity 35325K, committed 35416K, reserved 1079296K
  class space    used 4738K, capacity 4992K, committed 4992K, reserved 1048576K
Event: 3.481 GC heap after
Heap after GC invocations=9 (full 1):
 PSYoungGen      total 142848K, used 8907K [0x00000000e0000000, 0x00000000eb180000, 0x0000000100000000)
  eden space 131072K, 0% used [0x00000000e0000000,0x00000000e0000000,0x00000000e8000000)
  from space 11776K, 75% used [0x00000000ea600000,0x00000000eaeb2d68,0x00000000eb180000)
  to   space 10240K, 0% used [0x00000000e8000000,0x00000000e8000000,0x00000000e8a00000)
 ParOldGen       total 60416K, used 8325K [0x00000000a0000000, 0x00000000a3b00000, 0x00000000e0000000)
  object space 60416K, 13% used [0x00000000a0000000,0x00000000a0821688,0x00000000a3b00000)
 Metaspace       used 34676K, capacity 35325K, committed 35416K, reserved 1079296K
  class space    used 4738K, capacity 4992K, committed 4992K, reserved 1048576K
}
Event: 3.481 GC heap before
{Heap before GC invocations=10 (full 2):
 PSYoungGen      total 142848K, used 8907K [0x00000000e0000000, 0x00000000eb180000, 0x0000000100000000)
  eden space 131072K, 0% used [0x00000000e0000000,0x00000000e0000000,0x00000000e8000000)
  from space 11776K, 75% used [0x00000000ea600000,0x00000000eaeb2d68,0x00000000eb180000)
  to   space 10240K, 0% used [0x00000000e8000000,0x00000000e8000000,0x00000000e8a00000)
 ParOldGen       total 60416K, used 8325K [0x00000000a0000000, 0x00000000a3b00000, 0x00000000e0000000)
  object space 60416K, 13% used [0x00000000a0000000,0x00000000a0821688,0x00000000a3b00000)
 Metaspace       used 34676K, capacity 35325K, committed 35416K, reserved 1079296K
  class space    used 4738K, capacity 4992K, committed 4992K, reserved 1048576K
Event: 3.578 GC heap after
Heap after GC invocations=10 (full 2):
 PSYoungGen      total 142848K, used 0K [0x00000000e0000000, 0x00000000eb180000, 0x0000000100000000)
  eden space 131072K, 0% used [0x00000000e0000000,0x00000000e0000000,0x00000000e8000000)
  from space 11776K, 0% used [0x00000000ea600000,0x00000000ea600000,0x00000000eb180000)
  to   space 10240K, 0% used [0x00000000e8000000,0x00000000e8000000,0x00000000e8a00000)
 ParOldGen       total 60416K, used 15337K [0x00000000a0000000, 0x00000000a3b00000, 0x00000000e0000000)
  object space 60416K, 25% used [0x00000000a0000000,0x00000000a0efa5d0,0x00000000a3b00000)
 Metaspace       used 34676K, capacity 35325K, committed 35416K, reserved 1079296K
  class space    used 4738K, capacity 4992K, committed 4992K, reserved 1048576K
}
Event: 4.573 GC heap before
{Heap before GC invocations=11 (full 2):
 PSYoungGen      total 142848K, used 131072K [0x00000000e0000000, 0x00000000eb180000, 0x0000000100000000)
  eden space 131072K, 100% used [0x00000000e0000000,0x00000000e8000000,0x00000000e8000000)
  from space 11776K, 0% used [0x00000000ea600000,0x00000000ea600000,0x00000000eb180000)
  to   space 10240K, 0% used [0x00000000e8000000,0x00000000e8000000,0x00000000e8a00000)
 ParOldGen       total 60416K, used 15337K [0x00000000a0000000, 0x00000000a3b00000, 0x00000000e0000000)
  object space 60416K, 25% used [0x00000000a0000000,0x00000000a0efa5d0,0x00000000a3b00000)
 Metaspace       used 44222K, capacity 45197K, committed 45528K, reserved 1089536K
  class space    used 5980K, capacity 6304K, committed 6400K, reserved 1048576K
Event: 4.584 GC heap after
Heap after GC invocations=11 (full 2):
 PSYoungGen      total 141312K, used 10239K [0x00000000e0000000, 0x00000000ebc00000, 0x0000000100000000)
  eden space 131072K, 0% used [0x00000000e0000000,0x00000000e0000000,0x00000000e8000000)
  from space 10240K, 99% used [0x00000000e8000000,0x00000000e89fff58,0x00000000e8a00000)
  to   space 14336K, 0% used [0x00000000eae00000,0x00000000eae00000,0x00000000ebc00000)
 ParOldGen       total 60416K, used 19973K [0x00000000a0000000, 0x00000000a3b00000, 0x00000000e0000000)
  object space 60416K, 33% used [0x00000000a0000000,0x00000000a1381720,0x00000000a3b00000)
 Metaspace       used 44222K, capacity 45197K, committed 45528K, reserved 1089536K
  class space    used 5980K, capacity 6304K, committed 6400K, reserved 1048576K
}
Event: 5.840 GC heap before
{Heap before GC invocations=12 (full 2):
 PSYoungGen      total 141312K, used 141311K [0x00000000e0000000, 0x00000000ebc00000, 0x0000000100000000)
  eden space 131072K, 100% used [0x00000000e0000000,0x00000000e8000000,0x00000000e8000000)
  from space 10240K, 99% used [0x00000000e8000000,0x00000000e89fff58,0x00000000e8a00000)
  to   space 14336K, 0% used [0x00000000eae00000,0x00000000eae00000,0x00000000ebc00000)
 ParOldGen       total 60416K, used 19973K [0x00000000a0000000, 0x00000000a3b00000, 0x00000000e0000000)
  object space 60416K, 33% used [0x00000000a0000000,0x00000000a1381720,0x00000000a3b00000)
 Metaspace       used 53909K, capacity 55541K, committed 55640K, reserved 1097728K
  class space    used 7347K, capacity 7756K, committed 7808K, reserved 1048576K
Event: 5.854 GC heap after
Heap after GC invocations=12 (full 2):
 PSYoungGen      total 174080K, used 14333K [0x00000000e0000000, 0x00000000ec100000, 0x0000000100000000)
  eden space 159744K, 0% used [0x00000000e0000000,0x00000000e0000000,0x00000000e9c00000)
  from space 14336K, 99% used [0x00000000eae00000,0x00000000ebbff4e0,0x00000000ebc00000)
  to   space 18432K, 0% used [0x00000000e9c00000,0x00000000e9c00000,0x00000000eae00000)
 ParOldGen       total 60416K, used 26222K [0x00000000a0000000, 0x00000000a3b00000, 0x00000000e0000000)
  object space 60416K, 43% used [0x00000000a0000000,0x00000000a199b8e0,0x00000000a3b00000)
 Metaspace       used 53909K, capacity 55541K, committed 55640K, reserved 1097728K
  class space    used 7347K, capacity 7756K, committed 7808K, reserved 1048576K
}

