# JRE version: OpenJDK Runtime Environment (8.0_152-b01) (build 1.8.0_152-release-915-b01)
# Java VM: OpenJDK 64-Bit Server VM (25.152-b01 mixed mode windows-amd64 compressed oops)
Heap:
 PSYoungGen      total 220160K, used 219028K [0x00000000e0000000, 0x00000000f0180000, 0x0000000100000000)
  eden space 211456K, 99% used [0x00000000e0000000,0x00000000ecde01a0,0x00000000ece80000)
  from space 8704K, 94% used [0x00000000ef900000,0x00000000f0104e90,0x00000000f0180000)
  to   space 26112K, 0% used [0x00000000ece80000,0x00000000ece80000,0x00000000ee800000)
 ParOldGen       total 163328K, used 48196K [0x00000000a0000000, 0x00000000a9f80000, 0x00000000e0000000)
  object space 163328K, 29% used [0x00000000a0000000,0x00000000a2f113a0,0x00000000a9f80000)
 Metaspace       used 71736K, capacity 74932K, committed 75136K, reserved 1114112K
  class space    used 9498K, capacity 10316K, committed 10368K, reserved 1048576K
GC Heap History (10 events):
Event: 6.095 GC heap before
{Heap before GC invocations=11 (full 2):
 PSYoungGen      total 161280K, used 150016K [0x00000000e0000000, 0x00000000ed780000, 0x0000000100000000)
  eden space 150016K, 100% used [0x00000000e0000000,0x00000000e9280000,0x00000000e9280000)
  from space 11264K, 0% used [0x00000000e9e80000,0x00000000e9e80000,0x00000000ea980000)
  to   space 12288K, 0% used [0x00000000e9280000,0x00000000e9280000,0x00000000e9e80000)
 ParOldGen       total 97792K, used 16756K [0x00000000a0000000, 0x00000000a5f80000, 0x00000000e0000000)
  object space 97792K, 17% used [0x00000000a0000000,0x00000000a105d030,0x00000000a5f80000)
 Metaspace       used 47889K, capacity 49042K, committed 49152K, reserved 1091584K
  class space    used 6496K, capacity 6909K, committed 6912K, reserved 1048576K
Event: 6.109 GC heap after
Heap after GC invocations=11 (full 2):
 PSYoungGen      total 162304K, used 12277K [0x00000000e0000000, 0x00000000ed200000, 0x0000000100000000)
  eden space 150016K, 0% used [0x00000000e0000000,0x00000000e0000000,0x00000000e9280000)
  from space 12288K, 99% used [0x00000000e9280000,0x00000000e9e7d518,0x00000000e9e80000)
  to   space 15360K, 0% used [0x00000000ec300000,0x00000000ec300000,0x00000000ed200000)
 ParOldGen       total 97792K, used 21662K [0x00000000a0000000, 0x00000000a5f80000, 0x00000000e0000000)
  object space 97792K, 22% used [0x00000000a0000000,0x00000000a1527a90,0x00000000a5f80000)
 Metaspace       used 47889K, capacity 49042K, committed 49152K, reserved 1091584K
  class space    used 6496K, capacity 6909K, committed 6912K, reserved 1048576K
}
Event: 7.475 GC heap before
{Heap before GC invocations=12 (full 2):
 PSYoungGen      total 162304K, used 162293K [0x00000000e0000000, 0x00000000ed200000, 0x0000000100000000)
  eden space 150016K, 100% used [0x00000000e0000000,0x00000000e9280000,0x00000000e9280000)
  from space 12288K, 99% used [0x00000000e9280000,0x00000000e9e7d518,0x00000000e9e80000)
  to   space 15360K, 0% used [0x00000000ec300000,0x00000000ec300000,0x00000000ed200000)
 ParOldGen       total 97792K, used 21662K [0x00000000a0000000, 0x00000000a5f80000, 0x00000000e0000000)
  object space 97792K, 22% used [0x00000000a0000000,0x00000000a1527a90,0x00000000a5f80000)
 Metaspace       used 55292K, capacity 57466K, committed 57600K, reserved 1099776K
  class space    used 7643K, capacity 8189K, committed 8192K, reserved 1048576K
Event: 7.499 GC heap after
Heap after GC invocations=12 (full 2):
 PSYoungGen      total 193536K, used 15328K [0x00000000e0000000, 0x00000000edf80000, 0x0000000100000000)
  eden space 178176K, 0% used [0x00000000e0000000,0x00000000e0000000,0x00000000eae00000)
  from space 15360K, 99% used [0x00000000ec300000,0x00000000ed1f8230,0x00000000ed200000)
  to   space 21504K, 0% used [0x00000000eae00000,0x00000000eae00000,0x00000000ec300000)
 ParOldGen       total 97792K, used 32162K [0x00000000a0000000, 0x00000000a5f80000, 0x00000000e0000000)
  object space 97792K, 32% used [0x00000000a0000000,0x00000000a1f68a58,0x00000000a5f80000)
 Metaspace       used 55292K, capacity 57466K, committed 57600K, reserved 1099776K
  class space    used 7643K, capacity 8189K, committed 8192K, reserved 1048576K
}
Event: 8.831 GC heap before
{Heap before GC invocations=13 (full 2):
 PSYoungGen      total 193536K, used 138833K [0x00000000e0000000, 0x00000000edf80000, 0x0000000100000000)
  eden space 178176K, 69% used [0x00000000e0000000,0x00000000e789c440,0x00000000eae00000)
  from space 15360K, 99% used [0x00000000ec300000,0x00000000ed1f8230,0x00000000ed200000)
  to   space 21504K, 0% used [0x00000000eae00000,0x00000000eae00000,0x00000000ec300000)
 ParOldGen       total 97792K, used 32162K [0x00000000a0000000, 0x00000000a5f80000, 0x00000000e0000000)
  object space 97792K, 32% used [0x00000000a0000000,0x00000000a1f68a58,0x00000000a5f80000)
 Metaspace       used 56899K, capacity 58930K, committed 59028K, reserved 1099776K
  class space    used 7831K, capacity 8366K, committed 8448K, reserved 1048576K
Event: 8.877 GC heap after
Heap after GC invocations=13 (full 2):
 PSYoungGen      total 199680K, used 21488K [0x00000000e0000000, 0x00000000f1300000, 0x0000000100000000)
  eden space 178176K, 0% used [0x00000000e0000000,0x00000000e0000000,0x00000000eae00000)
  from space 21504K, 99% used [0x00000000eae00000,0x00000000ec2fc240,0x00000000ec300000)
  to   space 26624K, 0% used [0x00000000ef900000,0x00000000ef900000,0x00000000f1300000)
 ParOldGen       total 97792K, used 38420K [0x00000000a0000000, 0x00000000a5f80000, 0x00000000e0000000)
  object space 97792K, 39% used [0x00000000a0000000,0x00000000a25851c8,0x00000000a5f80000)
 Metaspace       used 56899K, capacity 58930K, committed 59028K, reserved 1099776K
  class space    used 7831K, capacity 8366K, committed 8448K, reserved 1048576K
}
Event: 8.877 GC heap before
{Heap before GC invocations=14 (full 3):
 PSYoungGen      total 199680K, used 21488K [0x00000000e0000000, 0x00000000f1300000, 0x0000000100000000)
  eden space 178176K, 0% used [0x00000000e0000000,0x00000000e0000000,0x00000000eae00000)
  from space 21504K, 99% used [0x00000000eae00000,0x00000000ec2fc240,0x00000000ec300000)
  to   space 26624K, 0% used [0x00000000ef900000,0x00000000ef900000,0x00000000f1300000)
 ParOldGen       total 97792K, used 38420K [0x00000000a0000000, 0x00000000a5f80000, 0x00000000e0000000)
  object space 97792K, 39% used [0x00000000a0000000,0x00000000a25851c8,0x00000000a5f80000)
 Metaspace       used 56899K, capacity 58930K, committed 59028K, reserved 1099776K
  class space    used 7831K, capacity 8366K, committed 8448K, reserved 1048576K
Event: 9.112 GC heap after
Heap after GC invocations=14 (full 3):
 PSYoungGen      total 199680K, used 0K [0x00000000e0000000, 0x00000000f1300000, 0x0000000100000000)
  eden space 178176K, 0% used [0x00000000e0000000,0x00000000e0000000,0x00000000eae00000)
  from space 21504K, 0% used [0x00000000eae00000,0x00000000eae00000,0x00000000ec300000)
  to   space 26624K, 0% used [0x00000000ef900000,0x00000000ef900000,0x00000000f1300000)
 ParOldGen       total 163328K, used 48188K [0x00000000a0000000, 0x00000000a9f80000, 0x00000000e0000000)
  object space 163328K, 29% used [0x00000000a0000000,0x00000000a2f0f3a0,0x00000000a9f80000)
 Metaspace       used 56899K, capacity 58930K, committed 59028K, reserved 1099776K
  class space    used 7831K, capacity 8366K, committed 8448K, reserved 1048576K
}
Event: 82.258 GC heap before
{Heap before GC invocations=15 (full 3):
 PSYoungGen      total 199680K, used 178176K [0x00000000e0000000, 0x00000000f1300000, 0x0000000100000000)
  eden space 178176K, 100% used [0x00000000e0000000,0x00000000eae00000,0x00000000eae00000)
  from space 21504K, 0% used [0x00000000eae00000,0x00000000eae00000,0x00000000ec300000)
  to   space 26624K, 0% used [0x00000000ef900000,0x00000000ef900000,0x00000000f1300000)
 ParOldGen       total 163328K, used 48188K [0x00000000a0000000, 0x00000000a9f80000, 0x00000000e0000000)
  object space 163328K, 29% used [0x00000000a0000000,0x00000000a2f0f3a0,0x00000000a9f80000)
 Metaspace       used 61598K, capacity 64470K, committed 64640K, reserved 1105920K
  class space    used 8309K, capacity 9057K, committed 9088K, reserved 1048576K
Event: 82.267 GC heap after
Heap after GC invocations=15 (full 3):
 PSYoungGen      total 220160K, used 8211K [0x00000000e0000000, 0x00000000f0180000, 0x0000000100000000)
  eden space 211456K, 0% used [0x00000000e0000000,0x00000000e0000000,0x00000000ece80000)
  from space 8704K, 94% used [0x00000000ef900000,0x00000000f0104e90,0x00000000f0180000)
  to   space 26112K, 0% used [0x00000000ece80000,0x00000000ece80000,0x00000000ee800000)
 ParOldGen       total 163328K, used 48196K [0x00000000a0000000, 0x00000000a9f80000, 0x00000000e0000000)
  object space 163328K, 29% used [0x00000000a0000000,0x00000000a2f113a0,0x00000000a9f80000)
 Metaspace       used 61598K, capacity 64470K, committed 64640K, reserved 1105920K
  class space    used 8309K, capacity 9057K, committed 9088K, reserved 1048576K
}

