# JRE version: OpenJDK Runtime Environment (8.0_152-b01) (build 1.8.0_152-release-915-b01)
# Java VM: OpenJDK 64-Bit Server VM (25.152-b01 mixed mode windows-amd64 compressed oops)
Heap:
 PSYoungGen      total 163840K, used 5520K [0x00000000e0000000, 0x00000000ee100000, 0x0000000100000000)
  eden space 152064K, 3% used [0x00000000e0000000,0x00000000e0564358,0x00000000e9480000)
  from space 11776K, 0% used [0x00000000ea000000,0x00000000ea000000,0x00000000eab80000)
  to   space 11776K, 0% used [0x00000000e9480000,0x00000000e9480000,0x00000000ea000000)
 ParOldGen       total 95232K, used 15435K [0x00000000a0000000, 0x00000000a5d00000, 0x00000000e0000000)
  object space 95232K, 16% used [0x00000000a0000000,0x00000000a0f12f98,0x00000000a5d00000)
 Metaspace       used 35127K, capacity 35837K, committed 36056K, reserved 1081344K
  class space    used 4804K, capacity 5035K, committed 5120K, reserved 1048576K
GC Heap History (10 events):
Event: 2.010 GC heap before
{Heap before GC invocations=6 (full 1):
 PSYoungGen      total 71680K, used 5092K [0x00000000e0000000, 0x00000000e9500000, 0x0000000100000000)
  eden space 66560K, 0% used [0x00000000e0000000,0x00000000e0000000,0x00000000e4100000)
  from space 5120K, 99% used [0x00000000e4100000,0x00000000e45f9050,0x00000000e4600000)
  to   space 9728K, 0% used [0x00000000e8b80000,0x00000000e8b80000,0x00000000e9500000)
 ParOldGen       total 87552K, used 8267K [0x00000000a0000000, 0x00000000a5580000, 0x00000000e0000000)
  object space 87552K, 9% used [0x00000000a0000000,0x00000000a0812d10,0x00000000a5580000)
 Metaspace       used 20813K, capacity 21208K, committed 21248K, reserved 1067008K
  class space    used 2899K, capacity 3043K, committed 3072K, reserved 1048576K
Event: 2.038 GC heap after
Heap after GC invocations=6 (full 1):
 PSYoungGen      total 71680K, used 0K [0x00000000e0000000, 0x00000000e9500000, 0x0000000100000000)
  eden space 66560K, 0% used [0x00000000e0000000,0x00000000e0000000,0x00000000e4100000)
  from space 5120K, 0% used [0x00000000e4100000,0x00000000e4100000,0x00000000e4600000)
  to   space 9728K, 0% used [0x00000000e8b80000,0x00000000e8b80000,0x00000000e9500000)
 ParOldGen       total 61440K, used 7845K [0x00000000a0000000, 0x00000000a3c00000, 0x00000000e0000000)
  object space 61440K, 12% used [0x00000000a0000000,0x00000000a07a9648,0x00000000a3c00000)
 Metaspace       used 20813K, capacity 21208K, committed 21248K, reserved 1067008K
  class space    used 2899K, capacity 3043K, committed 3072K, reserved 1048576K
}
Event: 2.669 GC heap before
{Heap before GC invocations=7 (full 1):
 PSYoungGen      total 71680K, used 66560K [0x00000000e0000000, 0x00000000e9500000, 0x0000000100000000)
  eden space 66560K, 100% used [0x00000000e0000000,0x00000000e4100000,0x00000000e4100000)
  from space 5120K, 0% used [0x00000000e4100000,0x00000000e4100000,0x00000000e4600000)
  to   space 9728K, 0% used [0x00000000e8b80000,0x00000000e8b80000,0x00000000e9500000)
 ParOldGen       total 61440K, used 7845K [0x00000000a0000000, 0x00000000a3c00000, 0x00000000e0000000)
  object space 61440K, 12% used [0x00000000a0000000,0x00000000a07a9648,0x00000000a3c00000)
 Metaspace       used 26252K, capacity 26838K, committed 26880K, reserved 1073152K
  class space    used 3611K, capacity 3800K, committed 3840K, reserved 1048576K
Event: 2.677 GC heap after
Heap after GC invocations=7 (full 1):
 PSYoungGen      total 109568K, used 7701K [0x00000000e0000000, 0x00000000e9380000, 0x0000000100000000)
  eden space 101376K, 0% used [0x00000000e0000000,0x00000000e0000000,0x00000000e6300000)
  from space 8192K, 94% used [0x00000000e8b80000,0x00000000e9305780,0x00000000e9380000)
  to   space 10240K, 0% used [0x00000000e7f80000,0x00000000e7f80000,0x00000000e8980000)
 ParOldGen       total 61440K, used 7853K [0x00000000a0000000, 0x00000000a3c00000, 0x00000000e0000000)
  object space 61440K, 12% used [0x00000000a0000000,0x00000000a07ab648,0x00000000a3c00000)
 Metaspace       used 26252K, capacity 26838K, committed 26880K, reserved 1073152K
  class space    used 3611K, capacity 3800K, committed 3840K, reserved 1048576K
}
Event: 3.751 GC heap before
{Heap before GC invocations=8 (full 1):
 PSYoungGen      total 109568K, used 109077K [0x00000000e0000000, 0x00000000e9380000, 0x0000000100000000)
  eden space 101376K, 100% used [0x00000000e0000000,0x00000000e6300000,0x00000000e6300000)
  from space 8192K, 94% used [0x00000000e8b80000,0x00000000e9305780,0x00000000e9380000)
  to   space 10240K, 0% used [0x00000000e7f80000,0x00000000e7f80000,0x00000000e8980000)
 ParOldGen       total 61440K, used 7853K [0x00000000a0000000, 0x00000000a3c00000, 0x00000000e0000000)
  object space 61440K, 12% used [0x00000000a0000000,0x00000000a07ab648,0x00000000a3c00000)
 Metaspace       used 31932K, capacity 32452K, committed 32768K, reserved 1077248K
  class space    used 4379K, capacity 4559K, committed 4608K, reserved 1048576K
Event: 3.764 GC heap after
Heap after GC invocations=8 (full 1):
 PSYoungGen      total 140800K, used 10208K [0x00000000e0000000, 0x00000000eab80000, 0x0000000100000000)
  eden space 130560K, 0% used [0x00000000e0000000,0x00000000e0000000,0x00000000e7f80000)
  from space 10240K, 99% used [0x00000000e7f80000,0x00000000e8978240,0x00000000e8980000)
  to   space 11776K, 0% used [0x00000000ea000000,0x00000000ea000000,0x00000000eab80000)
 ParOldGen       total 61440K, used 8180K [0x00000000a0000000, 0x00000000a3c00000, 0x00000000e0000000)
  object space 61440K, 13% used [0x00000000a0000000,0x00000000a07fd160,0x00000000a3c00000)
 Metaspace       used 31932K, capacity 32452K, committed 32768K, reserved 1077248K
  class space    used 4379K, capacity 4559K, committed 4608K, reserved 1048576K
}
Event: 3.994 GC heap before
{Heap before GC invocations=9 (full 1):
 PSYoungGen      total 140800K, used 26344K [0x00000000e0000000, 0x00000000eab80000, 0x0000000100000000)
  eden space 130560K, 12% used [0x00000000e0000000,0x00000000e0fc20f8,0x00000000e7f80000)
  from space 10240K, 99% used [0x00000000e7f80000,0x00000000e8978240,0x00000000e8980000)
  to   space 11776K, 0% used [0x00000000ea000000,0x00000000ea000000,0x00000000eab80000)
 ParOldGen       total 61440K, used 8180K [0x00000000a0000000, 0x00000000a3c00000, 0x00000000e0000000)
  object space 61440K, 13% used [0x00000000a0000000,0x00000000a07fd160,0x00000000a3c00000)
 Metaspace       used 34684K, capacity 35325K, committed 35416K, reserved 1079296K
  class space    used 4747K, capacity 4992K, committed 4992K, reserved 1048576K
Event: 4.003 GC heap after
Heap after GC invocations=9 (full 1):
 PSYoungGen      total 163840K, used 8950K [0x00000000e0000000, 0x00000000ee100000, 0x0000000100000000)
  eden space 152064K, 0% used [0x00000000e0000000,0x00000000e0000000,0x00000000e9480000)
  from space 11776K, 76% used [0x00000000ea000000,0x00000000ea8bdba8,0x00000000eab80000)
  to   space 11776K, 0% used [0x00000000e9480000,0x00000000e9480000,0x00000000ea000000)
 ParOldGen       total 61440K, used 8188K [0x00000000a0000000, 0x00000000a3c00000, 0x00000000e0000000)
  object space 61440K, 13% used [0x00000000a0000000,0x00000000a07ff160,0x00000000a3c00000)
 Metaspace       used 34684K, capacity 35325K, committed 35416K, reserved 1079296K
  class space    used 4747K, capacity 4992K, committed 4992K, reserved 1048576K
}
Event: 4.003 GC heap before
{Heap before GC invocations=10 (full 2):
 PSYoungGen      total 163840K, used 8950K [0x00000000e0000000, 0x00000000ee100000, 0x0000000100000000)
  eden space 152064K, 0% used [0x00000000e0000000,0x00000000e0000000,0x00000000e9480000)
  from space 11776K, 76% used [0x00000000ea000000,0x00000000ea8bdba8,0x00000000eab80000)
  to   space 11776K, 0% used [0x00000000e9480000,0x00000000e9480000,0x00000000ea000000)
 ParOldGen       total 61440K, used 8188K [0x00000000a0000000, 0x00000000a3c00000, 0x00000000e0000000)
  object space 61440K, 13% used [0x00000000a0000000,0x00000000a07ff160,0x00000000a3c00000)
 Metaspace       used 34684K, capacity 35325K, committed 35416K, reserved 1079296K
  class space    used 4747K, capacity 4992K, committed 4992K, reserved 1048576K
Event: 4.067 GC heap after
Heap after GC invocations=10 (full 2):
 PSYoungGen      total 163840K, used 0K [0x00000000e0000000, 0x00000000ee100000, 0x0000000100000000)
  eden space 152064K, 0% used [0x00000000e0000000,0x00000000e0000000,0x00000000e9480000)
  from space 11776K, 0% used [0x00000000ea000000,0x00000000ea000000,0x00000000eab80000)
  to   space 11776K, 0% used [0x00000000e9480000,0x00000000e9480000,0x00000000ea000000)
 ParOldGen       total 95232K, used 15435K [0x00000000a0000000, 0x00000000a5d00000, 0x00000000e0000000)
  object space 95232K, 16% used [0x00000000a0000000,0x00000000a0f12f98,0x00000000a5d00000)
 Metaspace       used 34684K, capacity 35325K, committed 35416K, reserved 1079296K
  class space    used 4747K, capacity 4992K, committed 4992K, reserved 1048576K
}

