# JRE version: OpenJDK Runtime Environment (8.0_152-b01) (build 1.8.0_152-release-915-b01)
# Java VM: OpenJDK 64-Bit Server VM (25.152-b01 mixed mode windows-amd64 compressed oops)
Heap:
 PSYoungGen      total 214528K, used 14073K [0x00000000e0000000, 0x00000000f3b80000, 0x0000000100000000)
  eden space 193536K, 7% used [0x00000000e0000000,0x00000000e0dbe540,0x00000000ebd00000)
  from space 20992K, 0% used [0x00000000ebd00000,0x00000000ebd00000,0x00000000ed180000)
  to   space 21504K, 0% used [0x00000000f2680000,0x00000000f2680000,0x00000000f3b80000)
 ParOldGen       total 132096K, used 33905K [0x00000000a0000000, 0x00000000a8100000, 0x00000000e0000000)
  object space 132096K, 25% used [0x00000000a0000000,0x00000000a211c438,0x00000000a8100000)
 Metaspace       used 58298K, capacity 60048K, committed 60120K, reserved 1101824K
  class space    used 7921K, capacity 8381K, committed 8448K, reserved 1048576K
GC Heap History (10 events):
Event: 5.360 GC heap before
{Heap before GC invocations=10 (full 2):
 PSYoungGen      total 165888K, used 8935K [0x00000000e0000000, 0x00000000ee000000, 0x0000000100000000)
  eden space 154112K, 0% used [0x00000000e0000000,0x00000000e0000000,0x00000000e9680000)
  from space 11776K, 75% used [0x00000000ea200000,0x00000000eaab9ca8,0x00000000ead80000)
  to   space 11776K, 0% used [0x00000000e9680000,0x00000000e9680000,0x00000000ea200000)
 ParOldGen       total 59904K, used 8348K [0x00000000a0000000, 0x00000000a3a80000, 0x00000000e0000000)
  object space 59904K, 13% used [0x00000000a0000000,0x00000000a08270e8,0x00000000a3a80000)
 Metaspace       used 34702K, capacity 35324K, committed 35416K, reserved 1079296K
  class space    used 4739K, capacity 4992K, committed 4992K, reserved 1048576K
Event: 5.415 GC heap after
Heap after GC invocations=10 (full 2):
 PSYoungGen      total 165888K, used 0K [0x00000000e0000000, 0x00000000ee000000, 0x0000000100000000)
  eden space 154112K, 0% used [0x00000000e0000000,0x00000000e0000000,0x00000000e9680000)
  from space 11776K, 0% used [0x00000000ea200000,0x00000000ea200000,0x00000000ead80000)
  to   space 11776K, 0% used [0x00000000e9680000,0x00000000e9680000,0x00000000ea200000)
 ParOldGen       total 90112K, used 15372K [0x00000000a0000000, 0x00000000a5800000, 0x00000000e0000000)
  object space 90112K, 17% used [0x00000000a0000000,0x00000000a0f030c0,0x00000000a5800000)
 Metaspace       used 34702K, capacity 35324K, committed 35416K, reserved 1079296K
  class space    used 4739K, capacity 4992K, committed 4992K, reserved 1048576K
}
Event: 6.755 GC heap before
{Heap before GC invocations=11 (full 2):
 PSYoungGen      total 165888K, used 154112K [0x00000000e0000000, 0x00000000ee000000, 0x0000000100000000)
  eden space 154112K, 100% used [0x00000000e0000000,0x00000000e9680000,0x00000000e9680000)
  from space 11776K, 0% used [0x00000000ea200000,0x00000000ea200000,0x00000000ead80000)
  to   space 11776K, 0% used [0x00000000e9680000,0x00000000e9680000,0x00000000ea200000)
 ParOldGen       total 90112K, used 15372K [0x00000000a0000000, 0x00000000a5800000, 0x00000000e0000000)
  object space 90112K, 17% used [0x00000000a0000000,0x00000000a0f030c0,0x00000000a5800000)
 Metaspace       used 47103K, capacity 48258K, committed 48472K, reserved 1091584K
  class space    used 6358K, capacity 6708K, committed 6784K, reserved 1048576K
Event: 6.769 GC heap after
Heap after GC invocations=11 (full 2):
 PSYoungGen      total 165888K, used 11763K [0x00000000e0000000, 0x00000000ee080000, 0x0000000100000000)
  eden space 154112K, 0% used [0x00000000e0000000,0x00000000e0000000,0x00000000e9680000)
  from space 11776K, 99% used [0x00000000e9680000,0x00000000ea1fce48,0x00000000ea200000)
  to   space 15360K, 0% used [0x00000000ed180000,0x00000000ed180000,0x00000000ee080000)
 ParOldGen       total 90112K, used 20501K [0x00000000a0000000, 0x00000000a5800000, 0x00000000e0000000)
  object space 90112K, 22% used [0x00000000a0000000,0x00000000a14057d8,0x00000000a5800000)
 Metaspace       used 47103K, capacity 48258K, committed 48472K, reserved 1091584K
  class space    used 6358K, capacity 6708K, committed 6784K, reserved 1048576K
}
Event: 8.567 GC heap before
{Heap before GC invocations=12 (full 2):
 PSYoungGen      total 165888K, used 165875K [0x00000000e0000000, 0x00000000ee080000, 0x0000000100000000)
  eden space 154112K, 100% used [0x00000000e0000000,0x00000000e9680000,0x00000000e9680000)
  from space 11776K, 99% used [0x00000000e9680000,0x00000000ea1fce48,0x00000000ea200000)
  to   space 15360K, 0% used [0x00000000ed180000,0x00000000ed180000,0x00000000ee080000)
 ParOldGen       total 90112K, used 20501K [0x00000000a0000000, 0x00000000a5800000, 0x00000000e0000000)
  object space 90112K, 22% used [0x00000000a0000000,0x00000000a14057d8,0x00000000a5800000)
 Metaspace       used 55677K, capacity 57424K, committed 57432K, reserved 1099776K
  class space    used 7599K, capacity 8061K, committed 8064K, reserved 1048576K
Event: 8.593 GC heap after
Heap after GC invocations=12 (full 2):
 PSYoungGen      total 208896K, used 15344K [0x00000000e0000000, 0x00000000eea80000, 0x0000000100000000)
  eden space 193536K, 0% used [0x00000000e0000000,0x00000000e0000000,0x00000000ebd00000)
  from space 15360K, 99% used [0x00000000ed180000,0x00000000ee07c260,0x00000000ee080000)
  to   space 20992K, 0% used [0x00000000ebd00000,0x00000000ebd00000,0x00000000ed180000)
 ParOldGen       total 90112K, used 30479K [0x00000000a0000000, 0x00000000a5800000, 0x00000000e0000000)
  object space 90112K, 33% used [0x00000000a0000000,0x00000000a1dc3c68,0x00000000a5800000)
 Metaspace       used 55677K, capacity 57424K, committed 57432K, reserved 1099776K
  class space    used 7599K, capacity 8061K, committed 8064K, reserved 1048576K
}
Event: 8.655 GC heap before
{Heap before GC invocations=13 (full 2):
 PSYoungGen      total 208896K, used 20010K [0x00000000e0000000, 0x00000000eea80000, 0x0000000100000000)
  eden space 193536K, 2% used [0x00000000e0000000,0x00000000e048e8c8,0x00000000ebd00000)
  from space 15360K, 99% used [0x00000000ed180000,0x00000000ee07c260,0x00000000ee080000)
  to   space 20992K, 0% used [0x00000000ebd00000,0x00000000ebd00000,0x00000000ed180000)
 ParOldGen       total 90112K, used 30479K [0x00000000a0000000, 0x00000000a5800000, 0x00000000e0000000)
  object space 90112K, 33% used [0x00000000a0000000,0x00000000a1dc3c68,0x00000000a5800000)
 Metaspace       used 57193K, capacity 58928K, committed 58968K, reserved 1099776K
  class space    used 7818K, capacity 8285K, committed 8320K, reserved 1048576K
Event: 8.667 GC heap after
Heap after GC invocations=13 (full 2):
 PSYoungGen      total 214528K, used 320K [0x00000000e0000000, 0x00000000f3b80000, 0x0000000100000000)
  eden space 193536K, 0% used [0x00000000e0000000,0x00000000e0000000,0x00000000ebd00000)
  from space 20992K, 1% used [0x00000000ebd00000,0x00000000ebd50000,0x00000000ed180000)
  to   space 21504K, 0% used [0x00000000f2680000,0x00000000f2680000,0x00000000f3b80000)
 ParOldGen       total 90112K, used 45754K [0x00000000a0000000, 0x00000000a5800000, 0x00000000e0000000)
  object space 90112K, 50% used [0x00000000a0000000,0x00000000a2caeb18,0x00000000a5800000)
 Metaspace       used 57193K, capacity 58928K, committed 58968K, reserved 1099776K
  class space    used 7818K, capacity 8285K, committed 8320K, reserved 1048576K
}
Event: 8.667 GC heap before
{Heap before GC invocations=14 (full 3):
 PSYoungGen      total 214528K, used 320K [0x00000000e0000000, 0x00000000f3b80000, 0x0000000100000000)
  eden space 193536K, 0% used [0x00000000e0000000,0x00000000e0000000,0x00000000ebd00000)
  from space 20992K, 1% used [0x00000000ebd00000,0x00000000ebd50000,0x00000000ed180000)
  to   space 21504K, 0% used [0x00000000f2680000,0x00000000f2680000,0x00000000f3b80000)
 ParOldGen       total 90112K, used 45754K [0x00000000a0000000, 0x00000000a5800000, 0x00000000e0000000)
  object space 90112K, 50% used [0x00000000a0000000,0x00000000a2caeb18,0x00000000a5800000)
 Metaspace       used 57193K, capacity 58928K, committed 58968K, reserved 1099776K
  class space    used 7818K, capacity 8285K, committed 8320K, reserved 1048576K
Event: 8.839 GC heap after
Heap after GC invocations=14 (full 3):
 PSYoungGen      total 214528K, used 0K [0x00000000e0000000, 0x00000000f3b80000, 0x0000000100000000)
  eden space 193536K, 0% used [0x00000000e0000000,0x00000000e0000000,0x00000000ebd00000)
  from space 20992K, 0% used [0x00000000ebd00000,0x00000000ebd00000,0x00000000ed180000)
  to   space 21504K, 0% used [0x00000000f2680000,0x00000000f2680000,0x00000000f3b80000)
 ParOldGen       total 132096K, used 33905K [0x00000000a0000000, 0x00000000a8100000, 0x00000000e0000000)
  object space 132096K, 25% used [0x00000000a0000000,0x00000000a211c438,0x00000000a8100000)
 Metaspace       used 57193K, capacity 58928K, committed 58968K, reserved 1099776K
  class space    used 7818K, capacity 8285K, committed 8320K, reserved 1048576K
}

